<?xml version="1.0" encoding="UTF-8"?>
<!-- Generated by org.testng.reporters.JUnitXMLReporter -->
<testsuite ignored="0" hostname="RahmadAlfianM" failures="0" tests="5" name="Default test" time="39.885" errors="0" timestamp="2023-08-07T00:20:58 ICT">
  <testcase classname="DemoBlaze.TCCART004" name="signIn" time="6.328"/>
  <testcase classname="DemoBlaze.TCCART004" name="homePage" time="0.029"/>
  <testcase classname="DemoBlaze.TCCART004" name="monitorCategories" time="3.207"/>
  <testcase classname="DemoBlaze.TCCART004" name="detailProduct" time="6.277"/>
  <testcase classname="DemoBlaze.TCCART004" name="addToCart" time="23.996"/>
</testsuite> <!-- Default test -->
